$ python publish/scalable_solution/solution.py 4
[EC coord 4-bit] p=13 n=7 | backend=Classiq Simulator
[Synthesize] starting...
  [Synthesize] 10s...
  [Synthesize] 20s...
  [Synthesize] 30s...
  [Synthesize] 40s...
  [Synthesize] 50s...
  [Synthesize] 60s...
  [Synthesize] 70s...
  [Synthesize] 80s...
  [Synthesize] 90s...
  [Synthesize] 100s...
  [Synthesize] 110s...
  [Synthesize] 120s...
  [Synthesize] 130s...
  [Synthesize] 140s...
  [Synthesize] 150s...
  [Synthesize] 160s...
  [Synthesize] 170s...
  [Synthesize] 180s...
  [Synthesize] 190s...
  [Synthesize] 200s...
  [Synthesize] 210s...
  [Synthesize] 220s...
  [Synthesize] 230s...
  [Synthesize] 240s...
  [Synthesize] 250s...
  [Synthesize] 260s...
  [Synthesize] 270s...
  [Synthesize] 280s...
  [Synthesize] 290s...
  [Synthesize] 300s...
  [Synthesize] 310s...
  [Synthesize] 320s...
  [Synthesize] 330s...
  [Synthesize] 340s...
  [Synthesize] 350s...
  [Synthesize] 360s...
  [Synthesize] 370s...
  [Synthesize] 380s...
  [Synthesize] 390s...
  [Synthesize] 400s...
  [Synthesize] 410s...
  [Synthesize] 420s...
  [Synthesize] 430s...
  [Synthesize] 440s...
  [Synthesize] 450s...
  [Synthesize] 460s...
  [Synthesize] 470s...
  [Synthesize] 480s...
  [Synthesize] 490s...
  [Synthesize] 500s...
  [Synthesize] 510s...
  [Synthesize] 520s...
[Synthesize] done in 528.3s
  Qubits: 28 | Depth: 105378 | CX: 105554
[Execute] starting...
[Execute] done in 12.1s
  Recovered d=6, expected d=6 → ✅

Note: Synthesis takes ~9 minutes due to the complexity of the EC arithmetic circuit
(105,554 CX gates). Execution on the Classiq simulator is fast (~12s).
This circuit is too large for current quantum hardware (fidelity ~0%).
